<?xml version="1.0" encoding="UTF-8"?>
<!-- Generated by org.testng.reporters.JUnitXMLReporter -->
<testsuite hostname="BabluKumarPrasa" name="Test2" tests="3" failures="0" timestamp="31 Mar 2018 07:46:19 GMT" time="191.852" errors="0">
  <testcase name="CRe4_978" time="39.66" classname="executions.TS_21_Exe"/>
  <testcase name="CRe4_970_971_972_973_977" time="50.628" classname="executions.TS_21_Exe"/>
  <testcase name="CRe4_974" time="52.506" classname="executions.TS_21_Exe"/>
</testsuite> <!-- Test2 -->
